# JRE version: Java(TM) SE Runtime Environment (8.0_131-b11) (build 1.8.0_131-b11)
# Java VM: Java HotSpot(TM) 64-Bit Server VM (25.131-b11 mixed mode windows-amd64 compressed oops)
Heap:
 PSYoungGen      total 504832K, used 438092K [0x000000076b180000, 0x0000000795600000, 0x00000007c0000000)
  eden space 468992K, 93% used [0x000000076b180000,0x0000000785d53130,0x0000000787b80000)
  from space 35840K, 0% used [0x0000000787b80000,0x0000000787b80000,0x0000000789e80000)
  to   space 72192K, 0% used [0x0000000790f80000,0x0000000790f80000,0x0000000795600000)
 ParOldGen       total 249344K, used 150873K [0x00000006c1400000, 0x00000006d0780000, 0x000000076b180000)
  object space 249344K, 60% used [0x00000006c1400000,0x00000006ca756770,0x00000006d0780000)
 Metaspace       used 99572K, capacity 104547K, committed 104832K, reserved 1142784K
  class space    used 11624K, capacity 12373K, committed 12416K, reserved 1048576K
GC Heap History (10 events):
Event: 16.048 GC heap before
{Heap before GC invocations=19 (full 3):
 PSYoungGen      total 353280K, used 353252K [0x000000076b180000, 0x0000000786700000, 0x00000007c0000000)
  eden space 336896K, 100% used [0x000000076b180000,0x000000077fa80000,0x000000077fa80000)
  from space 16384K, 99% used [0x000000077fa80000,0x0000000780a79358,0x0000000780a80000)
  to   space 19456K, 0% used [0x0000000785400000,0x0000000785400000,0x0000000786700000)
 ParOldGen       total 249344K, used 31463K [0x00000006c1400000, 0x00000006d0780000, 0x000000076b180000)
  object space 249344K, 12% used [0x00000006c1400000,0x00000006c32b9d58,0x00000006d0780000)
 Metaspace       used 72764K, capacity 76658K, committed 76928K, reserved 1116160K
  class space    used 8705K, capacity 9300K, committed 9344K, reserved 1048576K
Event: 16.075 GC heap after
Heap after GC invocations=19 (full 3):
 PSYoungGen      total 424448K, used 19428K [0x000000076b180000, 0x0000000787400000, 0x00000007c0000000)
  eden space 404992K, 0% used [0x000000076b180000,0x000000076b180000,0x0000000783d00000)
  from space 19456K, 99% used [0x0000000785400000,0x00000007866f91d0,0x0000000786700000)
  to   space 23552K, 0% used [0x0000000783d00000,0x0000000783d00000,0x0000000785400000)
 ParOldGen       total 249344K, used 35678K [0x00000006c1400000, 0x00000006d0780000, 0x000000076b180000)
  object space 249344K, 14% used [0x00000006c1400000,0x00000006c36d7a60,0x00000006d0780000)
 Metaspace       used 72764K, capacity 76658K, committed 76928K, reserved 1116160K
  class space    used 8705K, capacity 9300K, committed 9344K, reserved 1048576K
}
Event: 16.783 GC heap before
{Heap before GC invocations=20 (full 3):
 PSYoungGen      total 424448K, used 424420K [0x000000076b180000, 0x0000000787400000, 0x00000007c0000000)
  eden space 404992K, 100% used [0x000000076b180000,0x0000000783d00000,0x0000000783d00000)
  from space 19456K, 99% used [0x0000000785400000,0x00000007866f91d0,0x0000000786700000)
  to   space 23552K, 0% used [0x0000000783d00000,0x0000000783d00000,0x0000000785400000)
 ParOldGen       total 249344K, used 35678K [0x00000006c1400000, 0x00000006d0780000, 0x000000076b180000)
  object space 249344K, 14% used [0x00000006c1400000,0x00000006c36d7a60,0x00000006d0780000)
 Metaspace       used 75824K, capacity 79710K, committed 80000K, reserved 1120256K
  class space    used 8965K, capacity 9590K, committed 9600K, reserved 1048576K
Event: 16.806 GC heap after
Heap after GC invocations=20 (full 3):
 PSYoungGen      total 428544K, used 23523K [0x000000076b180000, 0x000000078bc00000, 0x00000007c0000000)
  eden space 404992K, 0% used [0x000000076b180000,0x000000076b180000,0x0000000783d00000)
  from space 23552K, 99% used [0x0000000783d00000,0x00000007853f8c58,0x0000000785400000)
  to   space 30208K, 0% used [0x0000000789e80000,0x0000000789e80000,0x000000078bc00000)
 ParOldGen       total 249344K, used 44973K [0x00000006c1400000, 0x00000006d0780000, 0x000000076b180000)
  object space 249344K, 18% used [0x00000006c1400000,0x00000006c3feb6e8,0x00000006d0780000)
 Metaspace       used 75824K, capacity 79710K, committed 80000K, reserved 1120256K
  class space    used 8965K, capacity 9590K, committed 9600K, reserved 1048576K
}
Event: 18.410 GC heap before
{Heap before GC invocations=21 (full 3):
 PSYoungGen      total 428544K, used 428515K [0x000000076b180000, 0x000000078bc00000, 0x00000007c0000000)
  eden space 404992K, 100% used [0x000000076b180000,0x0000000783d00000,0x0000000783d00000)
  from space 23552K, 99% used [0x0000000783d00000,0x00000007853f8c58,0x0000000785400000)
  to   space 30208K, 0% used [0x0000000789e80000,0x0000000789e80000,0x000000078bc00000)
 ParOldGen       total 249344K, used 44973K [0x00000006c1400000, 0x00000006d0780000, 0x000000076b180000)
  object space 249344K, 18% used [0x00000006c1400000,0x00000006c3feb6e8,0x00000006d0780000)
 Metaspace       used 86950K, capacity 90978K, committed 91264K, reserved 1130496K
  class space    used 10259K, capacity 10874K, committed 10880K, reserved 1048576K
Event: 18.434 GC heap after
Heap after GC invocations=21 (full 3):
 PSYoungGen      total 499200K, used 30187K [0x000000076b180000, 0x000000078c480000, 0x00000007c0000000)
  eden space 468992K, 0% used [0x000000076b180000,0x000000076b180000,0x0000000787b80000)
  from space 30208K, 99% used [0x0000000789e80000,0x000000078bbfaea0,0x000000078bc00000)
  to   space 35840K, 0% used [0x0000000787b80000,0x0000000787b80000,0x0000000789e80000)
 ParOldGen       total 249344K, used 48598K [0x00000006c1400000, 0x00000006d0780000, 0x000000076b180000)
  object space 249344K, 19% used [0x00000006c1400000,0x00000006c4375998,0x00000006d0780000)
 Metaspace       used 86950K, capacity 90978K, committed 91264K, reserved 1130496K
  class space    used 10259K, capacity 10874K, committed 10880K, reserved 1048576K
}
Event: 23.268 GC heap before
{Heap before GC invocations=22 (full 3):
 PSYoungGen      total 499200K, used 442069K [0x000000076b180000, 0x000000078c480000, 0x00000007c0000000)
  eden space 468992K, 87% used [0x000000076b180000,0x00000007843ba830,0x0000000787b80000)
  from space 30208K, 99% used [0x0000000789e80000,0x000000078bbfaea0,0x000000078bc00000)
  to   space 35840K, 0% used [0x0000000787b80000,0x0000000787b80000,0x0000000789e80000)
 ParOldGen       total 249344K, used 48598K [0x00000006c1400000, 0x00000006d0780000, 0x000000076b180000)
  object space 249344K, 19% used [0x00000006c1400000,0x00000006c4375998,0x00000006d0780000)
 Metaspace       used 93943K, capacity 98259K, committed 98380K, reserved 1136640K
  class space    used 10954K, capacity 11655K, committed 11776K, reserved 1048576K
Event: 23.373 GC heap after
Heap after GC invocations=22 (full 3):
 PSYoungGen      total 504832K, used 35825K [0x000000076b180000, 0x0000000795600000, 0x00000007c0000000)
  eden space 468992K, 0% used [0x000000076b180000,0x000000076b180000,0x0000000787b80000)
  from space 35840K, 99% used [0x0000000787b80000,0x0000000789e7c6e8,0x0000000789e80000)
  to   space 72192K, 0% used [0x0000000790f80000,0x0000000790f80000,0x0000000795600000)
 ParOldGen       total 249344K, used 131224K [0x00000006c1400000, 0x00000006d0780000, 0x000000076b180000)
  object space 249344K, 52% used [0x00000006c1400000,0x00000006c9426010,0x00000006d0780000)
 Metaspace       used 93943K, capacity 98259K, committed 98380K, reserved 1136640K
  class space    used 10954K, capacity 11655K, committed 11776K, reserved 1048576K
}
Event: 23.373 GC heap before
{Heap before GC invocations=23 (full 4):
 PSYoungGen      total 504832K, used 35825K [0x000000076b180000, 0x0000000795600000, 0x00000007c0000000)
  eden space 468992K, 0% used [0x000000076b180000,0x000000076b180000,0x0000000787b80000)
  from space 35840K, 99% used [0x0000000787b80000,0x0000000789e7c6e8,0x0000000789e80000)
  to   space 72192K, 0% used [0x0000000790f80000,0x0000000790f80000,0x0000000795600000)
 ParOldGen       total 249344K, used 131224K [0x00000006c1400000, 0x00000006d0780000, 0x000000076b180000)
  object space 249344K, 52% used [0x00000006c1400000,0x00000006c9426010,0x00000006d0780000)
 Metaspace       used 93943K, capacity 98259K, committed 98380K, reserved 1136640K
  class space    used 10954K, capacity 11655K, committed 11776K, reserved 1048576K
Event: 23.696 GC heap after
Heap after GC invocations=23 (full 4):
 PSYoungGen      total 504832K, used 0K [0x000000076b180000, 0x0000000795600000, 0x00000007c0000000)
  eden space 468992K, 0% used [0x000000076b180000,0x000000076b180000,0x0000000787b80000)
  from space 35840K, 0% used [0x0000000787b80000,0x0000000787b80000,0x0000000789e80000)
  to   space 72192K, 0% used [0x0000000790f80000,0x0000000790f80000,0x0000000795600000)
 ParOldGen       total 249344K, used 150873K [0x00000006c1400000, 0x00000006d0780000, 0x000000076b180000)
  object space 249344K, 60% used [0x00000006c1400000,0x00000006ca756770,0x00000006d0780000)
 Metaspace       used 93943K, capacity 98259K, committed 98380K, reserved 1136640K
  class space    used 10954K, capacity 11655K, committed 11776K, reserved 1048576K
}

